<?xml version="1.0" encoding="UTF-8"?>
<testsuite name="com.hackerrank.stocktrade.requests.ResourcesControllerTest" tests="1" failures="1" errors="0" skipped="0" time="0.406">
  <testcase classname="com.hackerrank.stocktrade.requests.ResourcesControllerTest" name="com.hackerrank.stocktrade.requests.ResourcesControllerTest.eraseAllRecords" time="0.406">
    <failure>java.lang.IllegalStateException: Failed to load ApplicationContext&#xD;
	at org.springframework.test.context.cache.DefaultCacheAwareContextLoaderDelegate.loadContext(DefaultCacheAwareContextLoaderDelegate.java:125)&#xD;
	at org.springframework.test.context.support.DefaultTestContext.getApplicationContext(DefaultTestContext.java:108)&#xD;
	at org.springframework.test.context.web.ServletTestExecutionListener.setUpRequestContextIfNecessary(ServletTestExecutionListener.java:190)&#xD;
	at org.springframework.test.context.web.ServletTestExecutionListener.prepareTestInstance(ServletTestExecutionListener.java:132)&#xD;
	at org.springframework.test.context.TestContextManager.prepareTestInstance(TestContextManager.java:246)&#xD;
	at org.springframework.test.context.junit4.statements.RunPrepareTestInstanceCallbacks.evaluate(RunPrepareTestInstanceCallbacks.java:63)&#xD;
	at org.springframework.test.context.junit4.statements.SpringRepeat.evaluate(SpringRepeat.java:84)&#xD;
	at org.springframework.test.context.junit4.statements.SpringFailOnTimeout.evaluate(SpringFailOnTimeout.java:87)&#xD;
	at org.springframework.test.context.junit4.statements.ProfileValueChecker.evaluate(ProfileValueChecker.java:103)&#xD;
	at org.junit.rules.TestWatcher$1.evaluate(TestWatcher.java:55)&#xD;
	at org.junit.rules.RunRules.evaluate(RunRules.java:20)&#xD;
	at org.junit.runners.ParentRunner.runLeaf(ParentRunner.java:325)&#xD;
	at org.junit.runners.BlockJUnit4ClassRunner.runChild(BlockJUnit4ClassRunner.java:78)&#xD;
	at org.junit.runners.BlockJUnit4ClassRunner.runChild(BlockJUnit4ClassRunner.java:57)&#xD;
	at org.junit.runners.ParentRunner$3.run(ParentRunner.java:290)&#xD;
	at org.junit.runners.ParentRunner$1.schedule(ParentRunner.java:71)&#xD;
	at org.junit.runners.ParentRunner.runChildren(ParentRunner.java:288)&#xD;
	at org.junit.runners.ParentRunner.access$000(ParentRunner.java:58)&#xD;
	at org.junit.runners.ParentRunner$2.evaluate(ParentRunner.java:268)&#xD;
	at org.junit.internal.runners.statements.RunBefores.evaluate(RunBefores.java:26)&#xD;
	at org.junit.internal.runners.statements.RunAfters.evaluate(RunAfters.java:27)&#xD;
	at org.springframework.test.context.junit4.statements.RunBeforeTestClassCallbacks.evaluate(RunBeforeTestClassCallbacks.java:61)&#xD;
	at org.springframework.test.context.junit4.statements.RunAfterTestClassCallbacks.evaluate(RunAfterTestClassCallbacks.java:70)&#xD;
	at org.springframework.test.context.junit4.statements.ProfileValueChecker.evaluate(ProfileValueChecker.java:103)&#xD;
	at org.springframework.test.context.junit4.rules.SpringClassRule$TestContextManagerCacheEvictor.evaluate(SpringClassRule.java:190)&#xD;
	at org.junit.rules.RunRules.evaluate(RunRules.java:20)&#xD;
	at org.junit.runners.ParentRunner.run(ParentRunner.java:363)&#xD;
	at org.junit.runners.Suite.runChild(Suite.java:128)&#xD;
	at org.junit.runners.Suite.runChild(Suite.java:27)&#xD;
	at org.junit.runners.ParentRunner$3.run(ParentRunner.java:290)&#xD;
	at org.junit.runners.ParentRunner$1.schedule(ParentRunner.java:71)&#xD;
	at org.junit.runners.ParentRunner.runChildren(ParentRunner.java:288)&#xD;
	at org.junit.runners.ParentRunner.access$000(ParentRunner.java:58)&#xD;
	at org.junit.runners.ParentRunner$2.evaluate(ParentRunner.java:268)&#xD;
	at org.junit.internal.runners.statements.RunAfters.evaluate(RunAfters.java:27)&#xD;
	at org.junit.runners.ParentRunner.run(ParentRunner.java:363)&#xD;
	at org.apache.maven.surefire.junit4.JUnit4Provider.execute(JUnit4Provider.java:252)&#xD;
	at org.apache.maven.surefire.junit4.JUnit4Provider.executeTestSet(JUnit4Provider.java:141)&#xD;
	at org.apache.maven.surefire.junit4.JUnit4Provider.invoke(JUnit4Provider.java:112)&#xD;
	at sun.reflect.NativeMethodAccessorImpl.invoke0(Native Method)&#xD;
	at sun.reflect.NativeMethodAccessorImpl.invoke(NativeMethodAccessorImpl.java:62)&#xD;
	at sun.reflect.DelegatingMethodAccessorImpl.invoke(DelegatingMethodAccessorImpl.java:43)&#xD;
	at java.lang.reflect.Method.invoke(Method.java:498)&#xD;
	at org.apache.maven.surefire.util.ReflectionUtils.invokeMethodWithArray(ReflectionUtils.java:189)&#xD;
	at org.apache.maven.surefire.booter.ProviderFactory$ProviderProxy.invoke(ProviderFactory.java:165)&#xD;
	at org.apache.maven.surefire.booter.ProviderFactory.invokeProvider(ProviderFactory.java:85)&#xD;
	at org.apache.maven.surefire.booter.ForkedBooter.runSuitesInProcess(ForkedBooter.java:115)&#xD;
	at org.apache.maven.surefire.booter.ForkedBooter.main(ForkedBooter.java:75)&#xD;
Caused by: org.springframework.beans.factory.UnsatisfiedDependencyException: Error creating bean with name 'resourcesController': Unsatisfied dependency expressed through field 'tradeService'; nested exception is org.springframework.beans.factory.UnsatisfiedDependencyException: Error creating bean with name 'tradeServiceImpl': Unsatisfied dependency expressed through field 'TradeRepository'; nested exception is org.springframework.beans.factory.BeanCreationException: Error creating bean with name 'tradeRepository': Invocation of init method failed; nested exception is java.lang.IllegalArgumentException: Validation failed for query for method public abstract void com.hackerrank.stocktrade.repository.TradeRepository.deleteAll()!&#xD;
	at org.springframework.beans.factory.annotation.AutowiredAnnotationBeanPostProcessor$AutowiredFieldElement.inject(AutowiredAnnotationBeanPostProcessor.java:596)&#xD;
	at org.springframework.beans.factory.annotation.InjectionMetadata.inject(InjectionMetadata.java:90)&#xD;
	at org.springframework.beans.factory.annotation.AutowiredAnnotationBeanPostProcessor.postProcessProperties(AutowiredAnnotationBeanPostProcessor.java:374)&#xD;
	at org.springframework.beans.factory.support.AbstractAutowireCapableBeanFactory.populateBean(AbstractAutowireCapableBeanFactory.java:1378)&#xD;
	at org.springframework.beans.factory.support.AbstractAutowireCapableBeanFactory.doCreateBean(AbstractAutowireCapableBeanFactory.java:575)&#xD;
	at org.springframework.beans.factory.support.AbstractAutowireCapableBeanFactory.createBean(AbstractAutowireCapableBeanFactory.java:498)&#xD;
	at org.springframework.beans.factory.support.AbstractBeanFactory.lambda$doGetBean$0(AbstractBeanFactory.java:320)&#xD;
	at org.springframework.beans.factory.support.DefaultSingletonBeanRegistry.getSingleton(DefaultSingletonBeanRegistry.java:222)&#xD;
	at org.springframework.beans.factory.support.AbstractBeanFactory.doGetBean(AbstractBeanFactory.java:318)&#xD;
	at org.springframework.beans.factory.support.AbstractBeanFactory.getBean(AbstractBeanFactory.java:199)&#xD;
	at org.springframework.beans.factory.support.DefaultListableBeanFactory.preInstantiateSingletons(DefaultListableBeanFactory.java:846)&#xD;
	at org.springframework.context.support.AbstractApplicationContext.finishBeanFactoryInitialization(AbstractApplicationContext.java:863)&#xD;
	at org.springframework.context.support.AbstractApplicationContext.refresh(AbstractApplicationContext.java:546)&#xD;
	at org.springframework.boot.SpringApplication.refresh(SpringApplication.java:775)&#xD;
	at org.springframework.boot.SpringApplication.refreshContext(SpringApplication.java:397)&#xD;
	at org.springframework.boot.SpringApplication.run(SpringApplication.java:316)&#xD;
	at org.springframework.boot.test.context.SpringBootContextLoader.loadContext(SpringBootContextLoader.java:127)&#xD;
	at org.springframework.test.context.cache.DefaultCacheAwareContextLoaderDelegate.loadContextInternal(DefaultCacheAwareContextLoaderDelegate.java:99)&#xD;
	at org.springframework.test.context.cache.DefaultCacheAwareContextLoaderDelegate.loadContext(DefaultCacheAwareContextLoaderDelegate.java:117)&#xD;
	... 47 more&#xD;
Caused by: org.springframework.beans.factory.UnsatisfiedDependencyException: Error creating bean with name 'tradeServiceImpl': Unsatisfied dependency expressed through field 'TradeRepository'; nested exception is org.springframework.beans.factory.BeanCreationException: Error creating bean with name 'tradeRepository': Invocation of init method failed; nested exception is java.lang.IllegalArgumentException: Validation failed for query for method public abstract void com.hackerrank.stocktrade.repository.TradeRepository.deleteAll()!&#xD;
	at org.springframework.beans.factory.annotation.AutowiredAnnotationBeanPostProcessor$AutowiredFieldElement.inject(AutowiredAnnotationBeanPostProcessor.java:596)&#xD;
	at org.springframework.beans.factory.annotation.InjectionMetadata.inject(InjectionMetadata.java:90)&#xD;
	at org.springframework.beans.factory.annotation.AutowiredAnnotationBeanPostProcessor.postProcessProperties(AutowiredAnnotationBeanPostProcessor.java:374)&#xD;
	at org.springframework.beans.factory.support.AbstractAutowireCapableBeanFactory.populateBean(AbstractAutowireCapableBeanFactory.java:1378)&#xD;
	at org.springframework.beans.factory.support.AbstractAutowireCapableBeanFactory.doCreateBean(AbstractAutowireCapableBeanFactory.java:575)&#xD;
	at org.springframework.beans.factory.support.AbstractAutowireCapableBeanFactory.createBean(AbstractAutowireCapableBeanFactory.java:498)&#xD;
	at org.springframework.beans.factory.support.AbstractBeanFactory.lambda$doGetBean$0(AbstractBeanFactory.java:320)&#xD;
	at org.springframework.beans.factory.support.DefaultSingletonBeanRegistry.getSingleton(DefaultSingletonBeanRegistry.java:222)&#xD;
	at org.springframework.beans.factory.support.AbstractBeanFactory.doGetBean(AbstractBeanFactory.java:318)&#xD;
	at org.springframework.beans.factory.support.AbstractBeanFactory.getBean(AbstractBeanFactory.java:199)&#xD;
	at org.springframework.beans.factory.config.DependencyDescriptor.resolveCandidate(DependencyDescriptor.java:273)&#xD;
	at org.springframework.beans.factory.support.DefaultListableBeanFactory.doResolveDependency(DefaultListableBeanFactory.java:1237)&#xD;
	at org.springframework.beans.factory.support.DefaultListableBeanFactory.resolveDependency(DefaultListableBeanFactory.java:1164)&#xD;
	at org.springframework.beans.factory.annotation.AutowiredAnnotationBeanPostProcessor$AutowiredFieldElement.inject(AutowiredAnnotationBeanPostProcessor.java:593)&#xD;
	... 65 more&#xD;
Caused by: org.springframework.beans.factory.BeanCreationException: Error creating bean with name 'tradeRepository': Invocation of init method failed; nested exception is java.lang.IllegalArgumentException: Validation failed for query for method public abstract void com.hackerrank.stocktrade.repository.TradeRepository.deleteAll()!&#xD;
	at org.springframework.beans.factory.support.AbstractAutowireCapableBeanFactory.initializeBean(AbstractAutowireCapableBeanFactory.java:1745)&#xD;
	at org.springframework.beans.factory.support.AbstractAutowireCapableBeanFactory.doCreateBean(AbstractAutowireCapableBeanFactory.java:576)&#xD;
	at org.springframework.beans.factory.support.AbstractAutowireCapableBeanFactory.createBean(AbstractAutowireCapableBeanFactory.java:498)&#xD;
	at org.springframework.beans.factory.support.AbstractBeanFactory.lambda$doGetBean$0(AbstractBeanFactory.java:320)&#xD;
	at org.springframework.beans.factory.support.DefaultSingletonBeanRegistry.getSingleton(DefaultSingletonBeanRegistry.java:222)&#xD;
	at org.springframework.beans.factory.support.AbstractBeanFactory.doGetBean(AbstractBeanFactory.java:318)&#xD;
	at org.springframework.beans.factory.support.AbstractBeanFactory.getBean(AbstractBeanFactory.java:199)&#xD;
	at org.springframework.beans.factory.config.DependencyDescriptor.resolveCandidate(DependencyDescriptor.java:273)&#xD;
	at org.springframework.beans.factory.support.DefaultListableBeanFactory.doResolveDependency(DefaultListableBeanFactory.java:1237)&#xD;
	at org.springframework.beans.factory.support.DefaultListableBeanFactory.resolveDependency(DefaultListableBeanFactory.java:1164)&#xD;
	at org.springframework.beans.factory.annotation.AutowiredAnnotationBeanPostProcessor$AutowiredFieldElement.inject(AutowiredAnnotationBeanPostProcessor.java:593)&#xD;
	... 78 more&#xD;
Caused by: java.lang.IllegalArgumentException: Validation failed for query for method public abstract void com.hackerrank.stocktrade.repository.TradeRepository.deleteAll()!&#xD;
	at org.springframework.data.jpa.repository.query.SimpleJpaQuery.validateQuery(SimpleJpaQuery.java:93)&#xD;
	at org.springframework.data.jpa.repository.query.SimpleJpaQuery.&lt;init&gt;(SimpleJpaQuery.java:63)&#xD;
	at org.springframework.data.jpa.repository.query.JpaQueryFactory.fromMethodWithQueryString(JpaQueryFactory.java:76)&#xD;
	at org.springframework.data.jpa.repository.query.JpaQueryFactory.fromQueryAnnotation(JpaQueryFactory.java:56)&#xD;
	at org.springframework.data.jpa.repository.query.JpaQueryLookupStrategy$DeclaredQueryLookupStrategy.resolveQuery(JpaQueryLookupStrategy.java:139)&#xD;
	at org.springframework.data.jpa.repository.query.JpaQueryLookupStrategy$CreateIfNotFoundQueryLookupStrategy.resolveQuery(JpaQueryLookupStrategy.java:206)&#xD;
	at org.springframework.data.jpa.repository.query.JpaQueryLookupStrategy$AbstractQueryLookupStrategy.resolveQuery(JpaQueryLookupStrategy.java:79)&#xD;
	at org.springframework.data.repository.core.support.RepositoryFactorySupport$QueryExecutorMethodInterceptor.lookupQuery(RepositoryFactorySupport.java:566)&#xD;
	at org.springframework.data.repository.core.support.RepositoryFactorySupport$QueryExecutorMethodInterceptor.lambda$mapMethodsToQuery$1(RepositoryFactorySupport.java:559)&#xD;
	at java.util.stream.ReferencePipeline$3$1.accept(ReferencePipeline.java:193)&#xD;
	at java.util.Iterator.forEachRemaining(Iterator.java:116)&#xD;
	at java.util.Collections$UnmodifiableCollection$1.forEachRemaining(Collections.java:1051)&#xD;
	at java.util.Spliterators$IteratorSpliterator.forEachRemaining(Spliterators.java:1801)&#xD;
	at java.util.stream.AbstractPipeline.copyInto(AbstractPipeline.java:482)&#xD;
	at java.util.stream.AbstractPipeline.wrapAndCopyInto(AbstractPipeline.java:472)&#xD;
	at java.util.stream.ReduceOps$ReduceOp.evaluateSequential(ReduceOps.java:708)&#xD;
	at java.util.stream.AbstractPipeline.evaluate(AbstractPipeline.java:234)&#xD;
	at java.util.stream.ReferencePipeline.collect(ReferencePipeline.java:499)&#xD;
	at org.springframework.data.repository.core.support.RepositoryFactorySupport$QueryExecutorMethodInterceptor.mapMethodsToQuery(RepositoryFactorySupport.java:561)&#xD;
	at org.springframework.data.repository.core.support.RepositoryFactorySupport$QueryExecutorMethodInterceptor.lambda$new$0(RepositoryFactorySupport.java:551)&#xD;
	at java.util.Optional.map(Optional.java:215)&#xD;
	at org.springframework.data.repository.core.support.RepositoryFactorySupport$QueryExecutorMethodInterceptor.&lt;init&gt;(RepositoryFactorySupport.java:551)&#xD;
	at org.springframework.data.repository.core.support.RepositoryFactorySupport.getRepository(RepositoryFactorySupport.java:324)&#xD;
	at org.springframework.data.repository.core.support.RepositoryFactoryBeanSupport.lambda$afterPropertiesSet$5(RepositoryFactoryBeanSupport.java:297)&#xD;
	at org.springframework.data.util.Lazy.getNullable(Lazy.java:211)&#xD;
	at org.springframework.data.util.Lazy.get(Lazy.java:94)&#xD;
	at org.springframework.data.repository.core.support.RepositoryFactoryBeanSupport.afterPropertiesSet(RepositoryFactoryBeanSupport.java:300)&#xD;
	at org.springframework.data.jpa.repository.support.JpaRepositoryFactoryBean.afterPropertiesSet(JpaRepositoryFactoryBean.java:119)&#xD;
	at org.springframework.beans.factory.support.AbstractAutowireCapableBeanFactory.invokeInitMethods(AbstractAutowireCapableBeanFactory.java:1804)&#xD;
	at org.springframework.beans.factory.support.AbstractAutowireCapableBeanFactory.initializeBean(AbstractAutowireCapableBeanFactory.java:1741)&#xD;
	... 88 more&#xD;
Caused by: java.lang.IllegalArgumentException: org.hibernate.hql.internal.ast.QuerySyntaxException: Event is not mapped [DELETE FROM Event]&#xD;
	at org.hibernate.internal.ExceptionConverterImpl.convert(ExceptionConverterImpl.java:138)&#xD;
	at org.hibernate.internal.ExceptionConverterImpl.convert(ExceptionConverterImpl.java:181)&#xD;
	at org.hibernate.internal.ExceptionConverterImpl.convert(ExceptionConverterImpl.java:188)&#xD;
	at org.hibernate.internal.AbstractSharedSessionContract.createQuery(AbstractSharedSessionContract.java:713)&#xD;
	at org.hibernate.internal.AbstractSessionImpl.createQuery(AbstractSessionImpl.java:23)&#xD;
	at sun.reflect.GeneratedMethodAccessor91.invoke(Unknown Source)&#xD;
	at sun.reflect.DelegatingMethodAccessorImpl.invoke(DelegatingMethodAccessorImpl.java:43)&#xD;
	at java.lang.reflect.Method.invoke(Method.java:498)&#xD;
	at org.springframework.orm.jpa.ExtendedEntityManagerCreator$ExtendedEntityManagerInvocationHandler.invoke(ExtendedEntityManagerCreator.java:350)&#xD;
	at com.sun.proxy.$Proxy101.createQuery(Unknown Source)&#xD;
	at org.springframework.data.jpa.repository.query.SimpleJpaQuery.validateQuery(SimpleJpaQuery.java:87)&#xD;
	... 117 more&#xD;
Caused by: org.hibernate.hql.internal.ast.QuerySyntaxException: Event is not mapped [DELETE FROM Event]&#xD;
	at org.hibernate.hql.internal.ast.QuerySyntaxException.generateQueryException(QuerySyntaxException.java:79)&#xD;
	at org.hibernate.QueryException.wrapWithQueryString(QueryException.java:103)&#xD;
	at org.hibernate.hql.internal.ast.QueryTranslatorImpl.doCompile(QueryTranslatorImpl.java:219)&#xD;
	at org.hibernate.hql.internal.ast.QueryTranslatorImpl.compile(QueryTranslatorImpl.java:143)&#xD;
	at org.hibernate.engine.query.spi.HQLQueryPlan.&lt;init&gt;(HQLQueryPlan.java:119)&#xD;
	at org.hibernate.engine.query.spi.HQLQueryPlan.&lt;init&gt;(HQLQueryPlan.java:80)&#xD;
	at org.hibernate.engine.query.spi.QueryPlanCache.getHQLQueryPlan(QueryPlanCache.java:153)&#xD;
	at org.hibernate.internal.AbstractSharedSessionContract.getQueryPlan(AbstractSharedSessionContract.java:595)&#xD;
	at org.hibernate.internal.AbstractSharedSessionContract.createQuery(AbstractSharedSessionContract.java:704)&#xD;
	... 124 more&#xD;
Caused by: org.hibernate.hql.internal.ast.QuerySyntaxException: Event is not mapped&#xD;
	at org.hibernate.hql.internal.ast.util.SessionFactoryHelper.requireClassPersister(SessionFactoryHelper.java:169)&#xD;
	at org.hibernate.hql.internal.ast.tree.FromElementFactory.addFromElement(FromElementFactory.java:91)&#xD;
	at org.hibernate.hql.internal.ast.tree.FromClause.addFromElement(FromClause.java:79)&#xD;
	at org.hibernate.hql.internal.ast.HqlSqlWalker.createFromElement(HqlSqlWalker.java:331)&#xD;
	at org.hibernate.hql.internal.antlr.HqlSqlBaseWalker.fromElement(HqlSqlBaseWalker.java:3695)&#xD;
	at org.hibernate.hql.internal.antlr.HqlSqlBaseWalker.fromElementList(HqlSqlBaseWalker.java:3584)&#xD;
	at org.hibernate.hql.internal.antlr.HqlSqlBaseWalker.fromClause(HqlSqlBaseWalker.java:720)&#xD;
	at org.hibernate.hql.internal.antlr.HqlSqlBaseWalker.deleteStatement(HqlSqlBaseWalker.java:449)&#xD;
	at org.hibernate.hql.internal.antlr.HqlSqlBaseWalker.statement(HqlSqlBaseWalker.java:277)&#xD;
	at org.hibernate.hql.internal.ast.QueryTranslatorImpl.analyze(QueryTranslatorImpl.java:271)&#xD;
	at org.hibernate.hql.internal.ast.QueryTranslatorImpl.doCompile(QueryTranslatorImpl.java:191)&#xD;
	... 130 more</failure>
  </testcase>
</testsuite>

